d:\colin\复习\就业端代码能力\就业端代码能力\小游戏\x64\debug\vc142.pdb
d:\colin\复习\就业端代码能力\就业端代码能力\小游戏\x64\debug\vc142.idb
d:\colin\复习\就业端代码能力\就业端代码能力\小游戏\x64\debug\apple.obj
d:\colin\复习\就业端代码能力\就业端代码能力\小游戏\x64\debug\snake.obj
d:\colin\复习\就业端代码能力\就业端代码能力\小游戏\x64\debug\tcs_game.obj
d:\colin\复习\就业端代码能力\就业端代码能力\小游戏\x64\debug\gameframework.obj
d:\colin\复习\就业端代码能力\就业端代码能力\x64\debug\tcs.exe
d:\colin\复习\就业端代码能力\就业端代码能力\小游戏\x64\debug\tcs.ilk
d:\colin\复习\就业端代码能力\就业端代码能力\x64\debug\tcs.pdb
d:\wechat files\wxid_1aidn9f5hcb622\filestorage\file\2024-10\就业端代码能力(2)\就业端代码能力\小游戏\x64\debug\apple.obj
d:\wechat files\wxid_1aidn9f5hcb622\filestorage\file\2024-10\就业端代码能力(2)\就业端代码能力\小游戏\x64\debug\gameframework.obj
d:\wechat files\wxid_1aidn9f5hcb622\filestorage\file\2024-10\就业端代码能力(2)\就业端代码能力\小游戏\x64\debug\init.obj
d:\wechat files\wxid_1aidn9f5hcb622\filestorage\file\2024-10\就业端代码能力(2)\就业端代码能力\小游戏\x64\debug\snake.obj
d:\wechat files\wxid_1aidn9f5hcb622\filestorage\file\2024-10\就业端代码能力(2)\就业端代码能力\小游戏\x64\debug\tcs_game.obj
d:\wechat files\wxid_1aidn9f5hcb622\filestorage\file\2024-10\就业端代码能力(2)\就业端代码能力\小游戏\x64\debug\tcs.ilk
d:\wechat files\wxid_1aidn9f5hcb622\filestorage\file\2024-10\就业端代码能力(2)\就业端代码能力\小游戏\x64\debug\vc142.idb
d:\wechat files\wxid_1aidn9f5hcb622\filestorage\file\2024-10\就业端代码能力(2)\就业端代码能力\小游戏\x64\debug\vc142.pdb
d:\wechat files\wxid_1aidn9f5hcb622\filestorage\file\2024-10\就业端代码能力(2)\就业端代码能力\x64\debug\tcs.pdb
d:\wechat files\wxid_1aidn9f5hcb622\filestorage\file\2024-10\就业端代码能力(2)\就业端代码能力\x64\debug\tcs.exe
d:\wechat files\wxid_1aidn9f5hcb622\filestorage\file\2024-10\就业端代码能力(2)\就业端代码能力\小游戏\x64\debug\tcs.tlog\cl.command.1.tlog
d:\wechat files\wxid_1aidn9f5hcb622\filestorage\file\2024-10\就业端代码能力(2)\就业端代码能力\小游戏\x64\debug\tcs.tlog\cl.read.1.tlog
d:\wechat files\wxid_1aidn9f5hcb622\filestorage\file\2024-10\就业端代码能力(2)\就业端代码能力\小游戏\x64\debug\tcs.tlog\cl.write.1.tlog
d:\wechat files\wxid_1aidn9f5hcb622\filestorage\file\2024-10\就业端代码能力(2)\就业端代码能力\小游戏\x64\debug\tcs.tlog\link.command.1.tlog
d:\wechat files\wxid_1aidn9f5hcb622\filestorage\file\2024-10\就业端代码能力(2)\就业端代码能力\小游戏\x64\debug\tcs.tlog\link.read.1.tlog
d:\wechat files\wxid_1aidn9f5hcb622\filestorage\file\2024-10\就业端代码能力(2)\就业端代码能力\小游戏\x64\debug\tcs.tlog\link.write.1.tlog
